[2026-04-03 13:22:05] 监控守护进程启动
[13:22:05] ============================================================
[13:22:05] 🔄 监控轮次 #2  2026-04-03 13:22:05
[13:22:05] ============================================================
[13:22:05] 📡 [1/5] 合约方向性扫描...
[13:22:06]   📉 SOL    A级 short  RSI=56.1 str=0.75 入=$79.34 SL=$81.71 TP=$76.48
[13:22:06] 💰 [2/5] 资金费率套利扫描（含现货验证）...
[13:22:07]   🔥 CTSIUSDT       费率=-0.6953% 日化=-2.086% 基差=0.883% 空现货+多合约
[13:22:07]   🔥 CFGUSDT        费率=-0.6494% 日化=-1.948% 基差=1.085% 空现货+多合约
[13:22:07]   🔥 GASUSDT        费率=-0.5380% 日化=-1.614% 基差=0.607% 空现货+多合约
[13:22:07]   ✅ KATUSDT        费率=-0.2836% 日化=-0.851% 基差=1.223% 空现货+多合约
[13:22:07] 📊 [3/5] 波段交易扫描（日线+4h共振）...
[13:22:08]   😴 无波段信号
[13:22:08] ⚖️  [4/5] 相关性对冲扫描...
[13:22:08]   🔀 BTC/ETH      价差=+2.20% 操作=空BTC+多ETH 强度=中
[13:22:08] 🔗 [5/5] 现货-合约价差套利...
[13:22:09]   😴 价差正常，无套利空间
[13:22:09] 
📋 本轮汇总:
[13:22:09]   合约方向性: 1 个信号  |  套利机会: 8 个
[13:22:09]   波段信号:   0 个      |  对冲机会: 1 个  |  价差: 0 个
[13:22:09]   累计轮次: 2  总信号: 2  总套利: 16
[13:22:09] ✅ 监控完成

[2026-04-03 13:22:09] 下次扫描 30 分钟后
[2026-04-03 13:48:55] 监控守护进程启动 (10分钟间隔 · 并行扫描)

⚡ 并行扫描完成 (0.5s) — 13:48:55
   资金费率: 10 | 统计套利: 0 | 对冲: 0 | 方向: 3

💰 资金费率 TOP3:
   PIPPINUSDT     日化=-6.000% 空现货+多合约
   ONGUSDT        日化=-5.497% 空现货+多合约
   CTSIUSDT       日化=-2.121% 空现货+多合约

🎯 方向信号:
   BTC RSI=31.3 → 多 @ $66533.89
   ETH RSI=27.7 → 多 @ $2043.12
   SOL RSI=28.7 → 多 @ $79.31

✅ 总机会: 13 个 | 耗时: 0.5s
[2026-04-03 13:48:55] 下次扫描 10 分钟后

⚡ 并行扫描完成 (0.49s) — 13:58:56
   资金费率: 0 | 统计套利: 0 | 对冲: 0 | 方向: 3

🎯 方向信号:
   BTC RSI=32.0 → 多 @ $66673.37
   ETH RSI=28.6 → 多 @ $2048.88
   SOL RSI=29.4 → 多 @ $79.57

✅ 总机会: 3 个 | 耗时: 0.49s
[2026-04-03 13:58:56] 下次扫描 10 分钟后
