[13:21:37] ============================================================
[13:21:37] 🔄 监控轮次 #1  2026-04-03 13:21:37
[13:21:37] ============================================================
[13:21:37] 📡 [1/5] 合约方向性扫描...
[13:21:38]   📉 SOL    A级 short  RSI=56.7 str=0.75 入=$79.38 SL=$81.75 TP=$76.52
[13:21:38] 💰 [2/5] 资金费率套利扫描（含现货验证）...
[13:21:39]   🔥 CTSIUSDT       费率=-0.6953% 日化=-2.086% 基差=1.165% 空现货+多合约
[13:21:39]   🔥 CFGUSDT        费率=-0.6494% 日化=-1.948% 基差=1.143% 空现货+多合约
[13:21:39]   🔥 GASUSDT        费率=-0.5380% 日化=-1.614% 基差=0.533% 空现货+多合约
[13:21:39]   ✅ KATUSDT        费率=-0.2800% 日化=-0.840% 基差=1.157% 空现货+多合约
[13:21:39] 📊 [3/5] 波段交易扫描（日线+4h共振）...
[13:21:40]   😴 无波段信号
[13:21:40] ⚖️  [4/5] 相关性对冲扫描...
[13:21:40]   🔀 BTC/ETH      价差=+2.24% 操作=空BTC+多ETH 强度=中
[13:21:40] 🔗 [5/5] 现货-合约价差套利...
[13:21:40]   😴 价差正常，无套利空间
[13:21:40] 
📋 本轮汇总:
[13:21:40]   合约方向性: 1 个信号  |  套利机会: 8 个
[13:21:40]   波段信号:   0 个      |  对冲机会: 1 个  |  价差: 0 个
[13:21:40]   累计轮次: 1  总信号: 1  总套利: 8
[13:21:40] ✅ 监控完成

[13:22:05] ============================================================
[13:22:05] 🔄 监控轮次 #2  2026-04-03 13:22:05
[13:22:05] ============================================================
[13:22:05] 📡 [1/5] 合约方向性扫描...
[13:22:06]   📉 SOL    A级 short  RSI=56.1 str=0.75 入=$79.34 SL=$81.71 TP=$76.48
[13:22:06] 💰 [2/5] 资金费率套利扫描（含现货验证）...
[13:22:07]   🔥 CTSIUSDT       费率=-0.6953% 日化=-2.086% 基差=0.883% 空现货+多合约
[13:22:07]   🔥 CFGUSDT        费率=-0.6494% 日化=-1.948% 基差=1.085% 空现货+多合约
[13:22:07]   🔥 GASUSDT        费率=-0.5380% 日化=-1.614% 基差=0.607% 空现货+多合约
[13:22:07]   ✅ KATUSDT        费率=-0.2836% 日化=-0.851% 基差=1.223% 空现货+多合约
[13:22:07] 📊 [3/5] 波段交易扫描（日线+4h共振）...
[13:22:08]   😴 无波段信号
[13:22:08] ⚖️  [4/5] 相关性对冲扫描...
[13:22:08]   🔀 BTC/ETH      价差=+2.20% 操作=空BTC+多ETH 强度=中
[13:22:08] 🔗 [5/5] 现货-合约价差套利...
[13:22:09]   😴 价差正常，无套利空间
[13:22:09] 
📋 本轮汇总:
[13:22:09]   合约方向性: 1 个信号  |  套利机会: 8 个
[13:22:09]   波段信号:   0 个      |  对冲机会: 1 个  |  价差: 0 个
[13:22:09]   累计轮次: 2  总信号: 2  总套利: 16
[13:22:09] ✅ 监控完成

[13:24:31] ============================================================
[13:24:31] 🔄 监控轮次 #3  2026-04-03 13:24:31
[13:24:31] ============================================================
[13:24:31] 📡 [1/5] 合约方向性扫描...
[13:24:32]   📉 SOL    A级 short  RSI=56.8 str=0.75 入=$79.39 SL=$81.76 TP=$76.53
[13:24:32] 💰 [2/5] 资金费率套利扫描（含现货验证）...
[13:24:32]   🔥 CTSIUSDT       费率=-0.6964% 日化=-2.089% 基差=1.129% 空现货+多合约
[13:24:32]   🔥 CFGUSDT        费率=-0.6486% 日化=-1.946% 基差=0.967% 空现货+多合约
[13:24:32]   🔥 GASUSDT        费率=-0.5284% 日化=-1.585% 基差=0.458% 空现货+多合约
[13:24:32]   ✅ KATUSDT        费率=-0.2875% 日化=-0.862% 基差=0.993% 空现货+多合约
[13:24:32] 📊 [3/5] 波段交易扫描（日线+4h共振）...
[13:24:33]   😴 无波段信号
[13:24:33] ⚖️  [4/5] 相关性对冲扫描...
[13:24:34]   🔀 BTC/ETH      价差=+2.22% 操作=空BTC+多ETH 强度=中
[13:24:34] 🔗 [5/5] 现货-合约价差套利...
[13:24:34]   😴 价差正常，无套利空间
[13:24:34] 
📋 本轮汇总:
[13:24:34]   合约方向性: 1 个信号  |  套利机会: 8 个
[13:24:34]   波段信号:   0 个      |  对冲机会: 1 个  |  价差: 0 个
[13:24:34]   累计轮次: 3  总信号: 3  总套利: 24
[13:24:34] ✅ 监控完成

